<?xml version="1.0" encoding="UTF-8"?>
<!-- Generated by org.testng.reporters.JUnitReportReporter -->
<testsuite skipped="0" hostname="FINXL-MEL-LT40" name="ExtentReports.Test1" tests="1" failures="0" timestamp="2020-04-22T21:17:33 GMT+10:00" time="9.666" errors="0">
  <testcase name="GoogleDemo" time="9.666" classname="ExtentReports.Test1"/>
  <system-out/>
</testsuite> <!-- ExtentReports.Test1 -->
