<?xml version="1.0" encoding="UTF-8"?>
<!-- Generated by org.testng.reporters.JUnitReportReporter -->
<testsuite skipped="0" hostname="FINXL-MEL-LT40" name="StepDefinition.P1" tests="5" failures="0" timestamp="09 Apr 2020 12:32:51 GMT" time="0.015" errors="0">
  <testcase name="i_navigate_to_the_PwC_Digital_Pulse_website" time="0.001" classname="StepDefinition.P1"/>
  <testcase name="i_am_presented_with_a_carousel_displaying_featured_articles" time="0.001" classname="StepDefinition.P1"/>
  <testcase name="clicking_the_Next_button_on_the_carousel_will_load_the_next_featured_articles" time="0.010" classname="StepDefinition.P1"/>
  <testcase name="clicking_the_Previous_button_on_the_carousel_will_load_the_previous_featured_articles" time="0.001" classname="StepDefinition.P1"/>
  <testcase name="i_am_viewing_the_Home_page" time="0.002" classname="StepDefinition.P1"/>
</testsuite> <!-- StepDefinition.P1 -->
