<?xml version="1.0" encoding="UTF-8"?>
<!-- Generated by org.testng.reporters.JUnitReportReporter -->
<testsuite skipped="0" hostname="FINXL-MEL-LT40" name="ExtentReports.Test2" tests="1" failures="0" timestamp="2020-04-22T21:17:33 GMT+10:00" time="25.473" errors="0">
  <testcase name="YahooDemo" time="25.473" classname="ExtentReports.Test2"/>
  <system-out/>
</testsuite> <!-- ExtentReports.Test2 -->
