<?xml version="1.0" encoding="UTF-8"?>
<!-- Generated by org.testng.reporters.JUnitReportReporter -->
<testsuite skipped="0" hostname="FINXL-MEL-LT40" name="ExtendReportDemo" tests="1" failures="0" timestamp="2020-04-22T19:58:50 GMT+10:00" time="5.315" errors="0">
  <testcase name="InitialDemo" time="5.315" classname="ExtendReportDemo"/>
  <system-out/>
</testsuite> <!-- ExtendReportDemo -->
