<?xml version="1.0" encoding="UTF-8"?>
<!-- Generated by org.testng.reporters.JUnitReportReporter -->
<testsuite skipped="0" hostname="FINXL-MEL-LT40" name="Features.NewTest" tests="1" failures="0" timestamp="09 Apr 2020 12:22:22 GMT" time="0.007" errors="0">
  <testcase name="f" time="0.007" classname="Features.NewTest"/>
</testsuite> <!-- Features.NewTest -->
