<?xml version="1.0" encoding="UTF-8"?>
<!-- Generated by org.testng.reporters.JUnitReportReporter -->
<testsuite skipped="0" hostname="FINXL-MEL-LT40" name="Runner.TestRunner" tests="3" failures="0" timestamp="2020-04-22T21:54:49 GMT+10:00" time="38.481" errors="0">
  <testcase name="feature" time="15.503" classname="Runner.TestRunner"/>
  <system-out/>
  <testcase name="feature" time="12.756" classname="Runner.TestRunner"/>
  <system-out/>
  <testcase name="feature" time="10.222" classname="Runner.TestRunner"/>
  <system-out/>
</testsuite> <!-- Runner.TestRunner -->
