<?xml version="1.0" encoding="UTF-8"?>
<!-- Generated by org.testng.reporters.JUnitReportReporter -->
<testsuite skipped="0" hostname="FINXL-MEL-LT40" name="Runner.TestRunner" tests="3" failures="0" timestamp="2020-04-25T21:44:05 GMT+10:00" time="41.238" errors="0">
  <testcase name="feature" time="14.460" classname="Runner.TestRunner"/>
  <system-out/>
  <testcase name="feature" time="13.617" classname="Runner.TestRunner"/>
  <system-out/>
  <testcase name="feature" time="13.161" classname="Runner.TestRunner"/>
  <system-out/>
</testsuite> <!-- Runner.TestRunner -->
